<?xml version="1.0" encoding="UTF-8"?>
<coverage generated="1602683783978" clover="3.2.0">
  <project timestamp="1602683783978" name="All files">
    <metrics statements="206" coveredstatements="194" conditionals="74" coveredconditionals="63" methods="48" coveredmethods="42" elements="328" coveredelements="299" complexity="0" loc="206" ncloc="206" packages="5" files="15" classes="15"/>
    <package name="server">
      <metrics statements="16" coveredstatements="15" conditionals="6" coveredconditionals="4" methods="1" coveredmethods="0"/>
      <file name="app.js" path="/home/bobkombat/Documents/projects/bajigur-cloth/server/app.js">
        <metrics statements="16" coveredstatements="15" conditionals="6" coveredconditionals="4" methods="1" coveredmethods="0"/>
        <line num="1" count="3" type="cond" truecount="1" falsecount="1"/>
        <line num="2" count="3" type="stmt"/>
        <line num="4" count="3" type="stmt"/>
        <line num="5" count="3" type="stmt"/>
        <line num="6" count="3" type="stmt"/>
        <line num="7" count="3" type="stmt"/>
        <line num="8" count="3" type="cond" truecount="2" falsecount="0"/>
        <line num="10" count="3" type="stmt"/>
        <line num="12" count="3" type="stmt"/>
        <line num="13" count="3" type="stmt"/>
        <line num="14" count="3" type="stmt"/>
        <line num="16" count="3" type="stmt"/>
        <line num="18" count="3" type="stmt"/>
        <line num="20" count="3" type="cond" truecount="1" falsecount="1"/>
        <line num="21" count="0" type="stmt"/>
        <line num="23" count="3" type="stmt"/>
      </file>
    </package>
    <package name="server.controllers">
      <metrics statements="67" coveredstatements="64" conditionals="32" coveredconditionals="30" methods="26" coveredmethods="23"/>
      <file name="adminUserController.js" path="/home/bobkombat/Documents/projects/bajigur-cloth/server/controllers/adminUserController.js">
        <metrics statements="17" coveredstatements="16" conditionals="8" coveredconditionals="8" methods="3" coveredmethods="2"/>
        <line num="1" count="3" type="stmt"/>
        <line num="2" count="3" type="stmt"/>
        <line num="3" count="3" type="stmt"/>
        <line num="7" count="6" type="stmt"/>
        <line num="9" count="6" type="cond" truecount="2" falsecount="0"/>
        <line num="10" count="1" type="stmt"/>
        <line num="11" count="5" type="cond" truecount="2" falsecount="0"/>
        <line num="12" count="1" type="stmt"/>
        <line num="14" count="4" type="stmt"/>
        <line num="16" count="4" type="cond" truecount="2" falsecount="0"/>
        <line num="17" count="1" type="stmt"/>
        <line num="19" count="3" type="cond" truecount="2" falsecount="0"/>
        <line num="20" count="2" type="stmt"/>
        <line num="21" count="2" type="stmt"/>
        <line num="23" count="1" type="stmt"/>
        <line num="26" count="0" type="stmt"/>
        <line num="31" count="3" type="stmt"/>
      </file>
      <file name="productController.js" path="/home/bobkombat/Documents/projects/bajigur-cloth/server/controllers/productController.js">
        <metrics statements="27" coveredstatements="26" conditionals="10" coveredconditionals="10" methods="16" coveredmethods="15"/>
        <line num="1" count="3" type="stmt"/>
        <line num="5" count="1" type="stmt"/>
        <line num="7" count="1" type="stmt"/>
        <line num="9" count="0" type="stmt"/>
        <line num="13" count="3" type="stmt"/>
        <line num="15" count="2" type="cond" truecount="2" falsecount="0"/>
        <line num="16" count="1" type="stmt"/>
        <line num="17" count="1" type="stmt"/>
        <line num="19" count="1" type="stmt"/>
        <line num="23" count="4" type="stmt"/>
        <line num="32" count="4" type="stmt"/>
        <line num="34" count="1" type="stmt"/>
        <line num="36" count="3" type="stmt"/>
        <line num="40" count="3" type="stmt"/>
        <line num="49" count="3" type="stmt"/>
        <line num="51" count="2" type="cond" truecount="2" falsecount="0"/>
        <line num="52" count="1" type="stmt"/>
        <line num="53" count="1" type="stmt"/>
        <line num="55" count="1" type="stmt"/>
        <line num="61" count="3" type="stmt"/>
        <line num="63" count="2" type="stmt"/>
        <line num="64" count="2" type="stmt"/>
        <line num="67" count="2" type="cond" truecount="2" falsecount="0"/>
        <line num="68" count="1" type="stmt"/>
        <line num="69" count="1" type="stmt"/>
        <line num="71" count="1" type="stmt"/>
        <line num="75" count="3" type="stmt"/>
      </file>
      <file name="userController.js" path="/home/bobkombat/Documents/projects/bajigur-cloth/server/controllers/userController.js">
        <metrics statements="23" coveredstatements="22" conditionals="14" coveredconditionals="12" methods="7" coveredmethods="6"/>
        <line num="1" count="3" type="stmt"/>
        <line num="2" count="3" type="stmt"/>
        <line num="3" count="3" type="stmt"/>
        <line num="7" count="5" type="cond" truecount="2" falsecount="0"/>
        <line num="8" count="1" type="stmt"/>
        <line num="9" count="4" type="cond" truecount="2" falsecount="0"/>
        <line num="10" count="1" type="stmt"/>
        <line num="12" count="3" type="stmt"/>
        <line num="14" count="3" type="cond" truecount="2" falsecount="0"/>
        <line num="15" count="1" type="stmt"/>
        <line num="17" count="2" type="cond" truecount="2" falsecount="0"/>
        <line num="18" count="1" type="stmt"/>
        <line num="19" count="1" type="stmt"/>
        <line num="21" count="1" type="stmt"/>
        <line num="23" count="0" type="stmt"/>
        <line num="27" count="3" type="stmt"/>
        <line num="34" count="3" type="stmt"/>
        <line num="36" count="3" type="cond" truecount="2" falsecount="0"/>
        <line num="37" count="1" type="stmt"/>
        <line num="38" count="2" type="stmt"/>
        <line num="41" count="2" type="stmt"/>
        <line num="43" count="2" type="stmt"/>
        <line num="47" count="3" type="stmt"/>
      </file>
    </package>
    <package name="server.middlewares">
      <metrics statements="42" coveredstatements="35" conditionals="23" coveredconditionals="19" methods="8" coveredmethods="6"/>
      <file name="authentication.js" path="/home/bobkombat/Documents/projects/bajigur-cloth/server/middlewares/authentication.js">
        <metrics statements="21" coveredstatements="15" conditionals="10" coveredconditionals="7" methods="5" coveredmethods="3"/>
        <line num="1" count="3" type="stmt"/>
        <line num="2" count="3" type="stmt"/>
        <line num="4" count="3" type="stmt"/>
        <line num="5" count="14" type="cond" truecount="2" falsecount="0"/>
        <line num="6" count="1" type="stmt"/>
        <line num="8" count="13" type="stmt"/>
        <line num="9" count="13" type="stmt"/>
        <line num="11" count="12" type="cond" truecount="1" falsecount="1"/>
        <line num="12" count="12" type="stmt"/>
        <line num="14" count="11" type="cond" truecount="4" falsecount="0"/>
        <line num="15" count="1" type="stmt"/>
        <line num="16" count="10" type="stmt"/>
        <line num="17" count="10" type="stmt"/>
        <line num="19" count="1" type="stmt"/>
        <line num="21" count="0" type="stmt"/>
        <line num="23" count="0" type="cond" truecount="0" falsecount="2"/>
        <line num="24" count="0" type="stmt"/>
        <line num="25" count="0" type="stmt"/>
        <line num="26" count="0" type="stmt"/>
        <line num="28" count="0" type="stmt"/>
        <line num="31" count="1" type="stmt"/>
      </file>
      <file name="authorization.js" path="/home/bobkombat/Documents/projects/bajigur-cloth/server/middlewares/authorization.js">
        <metrics statements="4" coveredstatements="3" conditionals="2" coveredconditionals="1" methods="1" coveredmethods="1"/>
        <line num="1" count="3" type="stmt"/>
        <line num="2" count="10" type="cond" truecount="1" falsecount="1"/>
        <line num="3" count="0" type="stmt"/>
        <line num="4" count="10" type="stmt"/>
      </file>
      <file name="errorHandler.js" path="/home/bobkombat/Documents/projects/bajigur-cloth/server/middlewares/errorHandler.js">
        <metrics statements="17" coveredstatements="17" conditionals="11" coveredconditionals="11" methods="2" coveredmethods="2"/>
        <line num="1" count="3" type="stmt"/>
        <line num="2" count="23" type="stmt"/>
        <line num="3" count="23" type="stmt"/>
        <line num="4" count="23" type="stmt"/>
        <line num="6" count="23" type="cond" truecount="2" falsecount="0"/>
        <line num="8" count="4" type="stmt"/>
        <line num="9" count="7" type="stmt"/>
        <line num="10" count="4" type="stmt"/>
        <line num="12" count="19" type="cond" truecount="2" falsecount="0"/>
        <line num="14" count="7" type="stmt"/>
        <line num="15" count="7" type="stmt"/>
        <line num="16" count="7" type="stmt"/>
        <line num="18" count="12" type="cond" truecount="5" falsecount="0"/>
        <line num="20" count="8" type="stmt"/>
        <line num="21" count="8" type="stmt"/>
        <line num="22" count="8" type="cond" truecount="2" falsecount="0"/>
        <line num="25" count="23" type="stmt"/>
      </file>
    </package>
    <package name="server.models">
      <metrics statements="49" coveredstatements="48" conditionals="13" coveredconditionals="10" methods="13" coveredmethods="13"/>
      <file name="admin.js" path="/home/bobkombat/Documents/projects/bajigur-cloth/server/models/admin.js">
        <metrics statements="6" coveredstatements="6" conditionals="0" coveredconditionals="0" methods="2" coveredmethods="2"/>
        <line num="2" count="3" type="stmt"/>
        <line num="3" count="3" type="stmt"/>
        <line num="7" count="3" type="stmt"/>
        <line num="8" count="3" type="stmt"/>
        <line num="19" count="3" type="stmt"/>
        <line num="54" count="3" type="stmt"/>
      </file>
      <file name="index.js" path="/home/bobkombat/Documents/projects/bajigur-cloth/server/models/index.js">
        <metrics statements="20" coveredstatements="19" conditionals="9" coveredconditionals="6" methods="3" coveredmethods="3"/>
        <line num="3" count="3" type="stmt"/>
        <line num="4" count="3" type="stmt"/>
        <line num="5" count="3" type="stmt"/>
        <line num="6" count="3" type="stmt"/>
        <line num="7" count="3" type="cond" truecount="1" falsecount="1"/>
        <line num="8" count="3" type="stmt"/>
        <line num="9" count="3" type="stmt"/>
        <line num="12" count="3" type="cond" truecount="1" falsecount="1"/>
        <line num="13" count="0" type="stmt"/>
        <line num="15" count="3" type="stmt"/>
        <line num="18" count="3" type="stmt"/>
        <line num="21" count="12" type="cond" truecount="3" falsecount="0"/>
        <line num="24" count="9" type="stmt"/>
        <line num="25" count="9" type="stmt"/>
        <line num="28" count="3" type="stmt"/>
        <line num="29" count="9" type="cond" truecount="1" falsecount="1"/>
        <line num="30" count="9" type="stmt"/>
        <line num="34" count="3" type="stmt"/>
        <line num="35" count="3" type="stmt"/>
        <line num="37" count="3" type="stmt"/>
      </file>
      <file name="product.js" path="/home/bobkombat/Documents/projects/bajigur-cloth/server/models/product.js">
        <metrics statements="11" coveredstatements="11" conditionals="4" coveredconditionals="4" methods="5" coveredmethods="5"/>
        <line num="3" count="3" type="stmt"/>
        <line num="7" count="3" type="stmt"/>
        <line num="8" count="3" type="stmt"/>
        <line num="19" count="3" type="stmt"/>
        <line num="65" count="7" type="cond" truecount="2" falsecount="0"/>
        <line num="66" count="1" type="stmt"/>
        <line num="87" count="7" type="cond" truecount="2" falsecount="0"/>
        <line num="88" count="1" type="stmt"/>
        <line num="99" count="3" type="stmt"/>
        <line num="100" count="1" type="stmt"/>
        <line num="103" count="3" type="stmt"/>
      </file>
      <file name="user.js" path="/home/bobkombat/Documents/projects/bajigur-cloth/server/models/user.js">
        <metrics statements="12" coveredstatements="12" conditionals="0" coveredconditionals="0" methods="3" coveredmethods="3"/>
        <line num="2" count="3" type="stmt"/>
        <line num="3" count="3" type="stmt"/>
        <line num="7" count="3" type="stmt"/>
        <line num="8" count="3" type="stmt"/>
        <line num="19" count="3" type="stmt"/>
        <line num="64" count="3" type="stmt"/>
        <line num="65" count="1" type="stmt"/>
        <line num="66" count="1" type="stmt"/>
        <line num="67" count="1" type="stmt"/>
        <line num="69" count="1" type="stmt"/>
        <line num="70" count="1" type="stmt"/>
        <line num="73" count="3" type="stmt"/>
      </file>
    </package>
    <package name="server.router">
      <metrics statements="32" coveredstatements="32" conditionals="0" coveredconditionals="0" methods="0" coveredmethods="0"/>
      <file name="admin.js" path="/home/bobkombat/Documents/projects/bajigur-cloth/server/router/admin.js">
        <metrics statements="7" coveredstatements="7" conditionals="0" coveredconditionals="0" methods="0" coveredmethods="0"/>
        <line num="1" count="3" type="stmt"/>
        <line num="2" count="3" type="stmt"/>
        <line num="5" count="3" type="stmt"/>
        <line num="6" count="3" type="stmt"/>
        <line num="8" count="3" type="stmt"/>
        <line num="10" count="3" type="stmt"/>
        <line num="17" count="3" type="stmt"/>
      </file>
      <file name="index.js" path="/home/bobkombat/Documents/projects/bajigur-cloth/server/router/index.js">
        <metrics statements="8" coveredstatements="8" conditionals="0" coveredconditionals="0" methods="0" coveredmethods="0"/>
        <line num="1" count="3" type="stmt"/>
        <line num="2" count="3" type="stmt"/>
        <line num="3" count="3" type="stmt"/>
        <line num="4" count="3" type="stmt"/>
        <line num="6" count="3" type="stmt"/>
        <line num="7" count="3" type="stmt"/>
        <line num="8" count="3" type="stmt"/>
        <line num="10" count="3" type="stmt"/>
      </file>
      <file name="product.js" path="/home/bobkombat/Documents/projects/bajigur-cloth/server/router/product.js">
        <metrics statements="11" coveredstatements="11" conditionals="0" coveredconditionals="0" methods="0" coveredmethods="0"/>
        <line num="1" count="3" type="stmt"/>
        <line num="2" count="3" type="stmt"/>
        <line num="3" count="3" type="stmt"/>
        <line num="4" count="3" type="stmt"/>
        <line num="6" count="3" type="stmt"/>
        <line num="7" count="3" type="stmt"/>
        <line num="9" count="3" type="stmt"/>
        <line num="11" count="3" type="stmt"/>
        <line num="12" count="3" type="stmt"/>
        <line num="13" count="3" type="stmt"/>
        <line num="15" count="3" type="stmt"/>
      </file>
      <file name="user.js" path="/home/bobkombat/Documents/projects/bajigur-cloth/server/router/user.js">
        <metrics statements="6" coveredstatements="6" conditionals="0" coveredconditionals="0" methods="0" coveredmethods="0"/>
        <line num="1" count="3" type="stmt"/>
        <line num="2" count="3" type="stmt"/>
        <line num="3" count="3" type="stmt"/>
        <line num="5" count="3" type="stmt"/>
        <line num="6" count="3" type="stmt"/>
        <line num="8" count="3" type="stmt"/>
      </file>
    </package>
  </project>
</coverage>
