{"/home/bobkombat/Documents/projects/bajigur-cloth/server/app.js": {"path":"/home/bobkombat/Documents/projects/bajigur-cloth/server/app.js","statementMap":{"0":{"start":{"line":1,"column":0},"end":{"line":2,"column":29}},"1":{"start":{"line":2,"column":2},"end":{"line":2,"column":29}},"2":{"start":{"line":4,"column":16},"end":{"line":4,"column":34}},"3":{"start":{"line":5,"column":13},"end":{"line":5,"column":28}},"4":{"start":{"line":6,"column":15},"end":{"line":6,"column":34}},"5":{"start":{"line":7,"column":21},"end":{"line":7,"column":61}},"6":{"start":{"line":8,"column":13},"end":{"line":8,"column":37}},"7":{"start":{"line":10,"column":12},"end":{"line":10,"column":21}},"8":{"start":{"line":12,"column":0},"end":{"line":12,"column":16}},"9":{"start":{"line":13,"column":0},"end":{"line":13,"column":48}},"10":{"start":{"line":14,"column":0},"end":{"line":14,"column":24}},"11":{"start":{"line":16,"column":0},"end":{"line":16,"column":16}},"12":{"start":{"line":18,"column":0},"end":{"line":18,"column":22}},"13":{"start":{"line":20,"column":0},"end":{"line":21,"column":67}},"14":{"start":{"line":21,"column":2},"end":{"line":21,"column":67}},"15":{"start":{"line":21,"column":25},"end":{"line":21,"column":65}},"16":{"start":{"line":23,"column":0},"end":{"line":23,"column":21}}},"fnMap":{"0":{"name":"(anonymous_0)","decl":{"start":{"line":21,"column":19},"end":{"line":21,"column":20}},"loc":{"start":{"line":21,"column":25},"end":{"line":21,"column":65}},"line":21}},"branchMap":{"0":{"loc":{"start":{"line":1,"column":0},"end":{"line":2,"column":29}},"type":"if","locations":[{"start":{"line":1,"column":0},"end":{"line":2,"column":29}},{"start":{"line":1,"column":0},"end":{"line":2,"column":29}}],"line":1},"1":{"loc":{"start":{"line":8,"column":13},"end":{"line":8,"column":37}},"type":"binary-expr","locations":[{"start":{"line":8,"column":13},"end":{"line":8,"column":29}},{"start":{"line":8,"column":33},"end":{"line":8,"column":37}}],"line":8},"2":{"loc":{"start":{"line":20,"column":0},"end":{"line":21,"column":67}},"type":"if","locations":[{"start":{"line":20,"column":0},"end":{"line":21,"column":67}},{"start":{"line":20,"column":0},"end":{"line":21,"column":67}}],"line":20}},"s":{"0":2,"1":2,"2":2,"3":2,"4":2,"5":2,"6":2,"7":2,"8":2,"9":2,"10":2,"11":2,"12":2,"13":2,"14":0,"15":0,"16":2},"f":{"0":0},"b":{"0":[2,0],"1":[2,2],"2":[0,2]},"_coverageSchema":"1a1c01bbd47fc00a2c39e90264f33305004495a9","hash":"cceadbed73d53c466b8d7ed8b4acc022ff31bcda"}
,"/home/bobkombat/Documents/projects/bajigur-cloth/server/controllers/adminUserController.js": {"path":"/home/bobkombat/Documents/projects/bajigur-cloth/server/controllers/adminUserController.js","statementMap":{"0":{"start":{"line":1,"column":12},"end":{"line":1,"column":35}},"1":{"start":{"line":2,"column":15},"end":{"line":2,"column":34}},"2":{"start":{"line":3,"column":18},"end":{"line":3,"column":38}},"3":{"start":{"line":7,"column":4},"end":{"line":7,"column":51}},"4":{"start":{"line":9,"column":4},"end":{"line":10,"column":90}},"5":{"start":{"line":10,"column":6},"end":{"line":10,"column":90}},"6":{"start":{"line":11,"column":4},"end":{"line":12,"column":96}},"7":{"start":{"line":12,"column":6},"end":{"line":12,"column":96}},"8":{"start":{"line":14,"column":4},"end":{"line":27,"column":9}},"9":{"start":{"line":16,"column":8},"end":{"line":17,"column":94}},"10":{"start":{"line":17,"column":10},"end":{"line":17,"column":94}},"11":{"start":{"line":19,"column":8},"end":{"line":22,"column":9}},"12":{"start":{"line":20,"column":31},"end":{"line":20,"column":114}},"13":{"start":{"line":21,"column":10},"end":{"line":21,"column":56}},"14":{"start":{"line":23,"column":8},"end":{"line":23,"column":98}},"15":{"start":{"line":26,"column":8},"end":{"line":26,"column":24}},"16":{"start":{"line":31,"column":0},"end":{"line":31,"column":37}}},"fnMap":{"0":{"name":"(anonymous_0)","decl":{"start":{"line":6,"column":2},"end":{"line":6,"column":3}},"loc":{"start":{"line":6,"column":31},"end":{"line":28,"column":3}},"line":6},"1":{"name":"(anonymous_1)","decl":{"start":{"line":15,"column":12},"end":{"line":15,"column":13}},"loc":{"start":{"line":15,"column":20},"end":{"line":24,"column":7}},"line":15},"2":{"name":"(anonymous_2)","decl":{"start":{"line":25,"column":13},"end":{"line":25,"column":14}},"loc":{"start":{"line":25,"column":20},"end":{"line":27,"column":7}},"line":25}},"branchMap":{"0":{"loc":{"start":{"line":9,"column":4},"end":{"line":10,"column":90}},"type":"if","locations":[{"start":{"line":9,"column":4},"end":{"line":10,"column":90}},{"start":{"line":9,"column":4},"end":{"line":10,"column":90}}],"line":9},"1":{"loc":{"start":{"line":11,"column":4},"end":{"line":12,"column":96}},"type":"if","locations":[{"start":{"line":11,"column":4},"end":{"line":12,"column":96}},{"start":{"line":11,"column":4},"end":{"line":12,"column":96}}],"line":11},"2":{"loc":{"start":{"line":16,"column":8},"end":{"line":17,"column":94}},"type":"if","locations":[{"start":{"line":16,"column":8},"end":{"line":17,"column":94}},{"start":{"line":16,"column":8},"end":{"line":17,"column":94}}],"line":16},"3":{"loc":{"start":{"line":19,"column":8},"end":{"line":22,"column":9}},"type":"if","locations":[{"start":{"line":19,"column":8},"end":{"line":22,"column":9}},{"start":{"line":19,"column":8},"end":{"line":22,"column":9}}],"line":19}},"s":{"0":2,"1":2,"2":2,"3":5,"4":5,"5":1,"6":4,"7":1,"8":3,"9":3,"10":1,"11":2,"12":1,"13":1,"14":1,"15":0,"16":2},"f":{"0":5,"1":3,"2":0},"b":{"0":[1,4],"1":[1,3],"2":[1,2],"3":[1,1]},"_coverageSchema":"1a1c01bbd47fc00a2c39e90264f33305004495a9","hash":"fcf107a5f826239c5fd815f2fe65ef52b172153b"}
,"/home/bobkombat/Documents/projects/bajigur-cloth/server/controllers/productController.js": {"path":"/home/bobkombat/Documents/projects/bajigur-cloth/server/controllers/productController.js","statementMap":{"0":{"start":{"line":1,"column":20},"end":{"line":1,"column":40}},"1":{"start":{"line":5,"column":4},"end":{"line":9,"column":31}},"2":{"start":{"line":7,"column":8},"end":{"line":7,"column":41}},"3":{"start":{"line":9,"column":20},"end":{"line":9,"column":29}},"4":{"start":{"line":13,"column":4},"end":{"line":19,"column":30}},"5":{"start":{"line":15,"column":8},"end":{"line":16,"column":44}},"6":{"start":{"line":16,"column":10},"end":{"line":16,"column":44}},"7":{"start":{"line":17,"column":8},"end":{"line":17,"column":94}},"8":{"start":{"line":19,"column":20},"end":{"line":19,"column":29}},"9":{"start":{"line":23,"column":24},"end":{"line":30,"column":5}},"10":{"start":{"line":32,"column":4},"end":{"line":36,"column":31}},"11":{"start":{"line":34,"column":8},"end":{"line":34,"column":182}},"12":{"start":{"line":36,"column":20},"end":{"line":36,"column":29}},"13":{"start":{"line":40,"column":24},"end":{"line":47,"column":5}},"14":{"start":{"line":49,"column":4},"end":{"line":55,"column":31}},"15":{"start":{"line":51,"column":8},"end":{"line":52,"column":96}},"16":{"start":{"line":52,"column":10},"end":{"line":52,"column":96}},"17":{"start":{"line":53,"column":8},"end":{"line":53,"column":48}},"18":{"start":{"line":55,"column":20},"end":{"line":55,"column":29}},"19":{"start":{"line":61,"column":4},"end":{"line":71,"column":30}},"20":{"start":{"line":63,"column":8},"end":{"line":64,"column":96}},"21":{"start":{"line":64,"column":10},"end":{"line":64,"column":96}},"22":{"start":{"line":65,"column":8},"end":{"line":65,"column":30}},"23":{"start":{"line":66,"column":8},"end":{"line":66,"column":59}},"24":{"start":{"line":69,"column":8},"end":{"line":69,"column":45}},"25":{"start":{"line":71,"column":20},"end":{"line":71,"column":29}},"26":{"start":{"line":75,"column":0},"end":{"line":75,"column":35}}},"fnMap":{"0":{"name":"(anonymous_0)","decl":{"start":{"line":4,"column":2},"end":{"line":4,"column":3}},"loc":{"start":{"line":4,"column":33},"end":{"line":10,"column":3}},"line":4},"1":{"name":"(anonymous_1)","decl":{"start":{"line":6,"column":12},"end":{"line":6,"column":13}},"loc":{"start":{"line":6,"column":20},"end":{"line":8,"column":7}},"line":6},"2":{"name":"(anonymous_2)","decl":{"start":{"line":9,"column":13},"end":{"line":9,"column":14}},"loc":{"start":{"line":9,"column":20},"end":{"line":9,"column":29}},"line":9},"3":{"name":"(anonymous_3)","decl":{"start":{"line":12,"column":2},"end":{"line":12,"column":3}},"loc":{"start":{"line":12,"column":33},"end":{"line":20,"column":3}},"line":12},"4":{"name":"(anonymous_4)","decl":{"start":{"line":14,"column":12},"end":{"line":14,"column":13}},"loc":{"start":{"line":14,"column":20},"end":{"line":18,"column":7}},"line":14},"5":{"name":"(anonymous_5)","decl":{"start":{"line":19,"column":13},"end":{"line":19,"column":14}},"loc":{"start":{"line":19,"column":20},"end":{"line":19,"column":29}},"line":19},"6":{"name":"(anonymous_6)","decl":{"start":{"line":22,"column":2},"end":{"line":22,"column":3}},"loc":{"start":{"line":22,"column":32},"end":{"line":37,"column":3}},"line":22},"7":{"name":"(anonymous_7)","decl":{"start":{"line":33,"column":12},"end":{"line":33,"column":13}},"loc":{"start":{"line":33,"column":20},"end":{"line":35,"column":7}},"line":33},"8":{"name":"(anonymous_8)","decl":{"start":{"line":36,"column":13},"end":{"line":36,"column":14}},"loc":{"start":{"line":36,"column":20},"end":{"line":36,"column":29}},"line":36},"9":{"name":"(anonymous_9)","decl":{"start":{"line":39,"column":2},"end":{"line":39,"column":3}},"loc":{"start":{"line":39,"column":32},"end":{"line":56,"column":3}},"line":39},"10":{"name":"(anonymous_10)","decl":{"start":{"line":50,"column":12},"end":{"line":50,"column":13}},"loc":{"start":{"line":50,"column":20},"end":{"line":54,"column":7}},"line":50},"11":{"name":"(anonymous_11)","decl":{"start":{"line":55,"column":13},"end":{"line":55,"column":14}},"loc":{"start":{"line":55,"column":20},"end":{"line":55,"column":29}},"line":55},"12":{"name":"(anonymous_12)","decl":{"start":{"line":58,"column":2},"end":{"line":58,"column":3}},"loc":{"start":{"line":58,"column":33},"end":{"line":72,"column":3}},"line":58},"13":{"name":"(anonymous_13)","decl":{"start":{"line":62,"column":12},"end":{"line":62,"column":13}},"loc":{"start":{"line":62,"column":20},"end":{"line":67,"column":7}},"line":62},"14":{"name":"(anonymous_14)","decl":{"start":{"line":68,"column":12},"end":{"line":68,"column":13}},"loc":{"start":{"line":68,"column":24},"end":{"line":70,"column":7}},"line":68},"15":{"name":"(anonymous_15)","decl":{"start":{"line":71,"column":13},"end":{"line":71,"column":14}},"loc":{"start":{"line":71,"column":20},"end":{"line":71,"column":29}},"line":71}},"branchMap":{"0":{"loc":{"start":{"line":15,"column":8},"end":{"line":16,"column":44}},"type":"if","locations":[{"start":{"line":15,"column":8},"end":{"line":16,"column":44}},{"start":{"line":15,"column":8},"end":{"line":16,"column":44}}],"line":15},"1":{"loc":{"start":{"line":28,"column":19},"end":{"line":28,"column":47}},"type":"binary-expr","locations":[{"start":{"line":28,"column":19},"end":{"line":28,"column":39}},{"start":{"line":28,"column":43},"end":{"line":28,"column":47}}],"line":28},"2":{"loc":{"start":{"line":29,"column":12},"end":{"line":29,"column":33}},"type":"binary-expr","locations":[{"start":{"line":29,"column":12},"end":{"line":29,"column":25}},{"start":{"line":29,"column":29},"end":{"line":29,"column":33}}],"line":29},"3":{"loc":{"start":{"line":45,"column":19},"end":{"line":45,"column":47}},"type":"binary-expr","locations":[{"start":{"line":45,"column":19},"end":{"line":45,"column":39}},{"start":{"line":45,"column":43},"end":{"line":45,"column":47}}],"line":45},"4":{"loc":{"start":{"line":46,"column":12},"end":{"line":46,"column":33}},"type":"binary-expr","locations":[{"start":{"line":46,"column":12},"end":{"line":46,"column":25}},{"start":{"line":46,"column":29},"end":{"line":46,"column":33}}],"line":46},"5":{"loc":{"start":{"line":51,"column":8},"end":{"line":52,"column":96}},"type":"if","locations":[{"start":{"line":51,"column":8},"end":{"line":52,"column":96}},{"start":{"line":51,"column":8},"end":{"line":52,"column":96}}],"line":51},"6":{"loc":{"start":{"line":63,"column":8},"end":{"line":64,"column":96}},"type":"if","locations":[{"start":{"line":63,"column":8},"end":{"line":64,"column":96}},{"start":{"line":63,"column":8},"end":{"line":64,"column":96}}],"line":63}},"s":{"0":2,"1":0,"2":0,"3":0,"4":0,"5":0,"6":0,"7":0,"8":0,"9":0,"10":0,"11":0,"12":0,"13":0,"14":0,"15":0,"16":0,"17":0,"18":0,"19":0,"20":0,"21":0,"22":0,"23":0,"24":0,"25":0,"26":2},"f":{"0":0,"1":0,"2":0,"3":0,"4":0,"5":0,"6":0,"7":0,"8":0,"9":0,"10":0,"11":0,"12":0,"13":0,"14":0,"15":0},"b":{"0":[0,0],"1":[0,0],"2":[0,0],"3":[0,0],"4":[0,0],"5":[0,0],"6":[0,0]},"_coverageSchema":"1a1c01bbd47fc00a2c39e90264f33305004495a9","hash":"d19ddbb5110c392463e2955acbde89cd08bce007"}
,"/home/bobkombat/Documents/projects/bajigur-cloth/server/controllers/userController.js": {"path":"/home/bobkombat/Documents/projects/bajigur-cloth/server/controllers/userController.js","statementMap":{"0":{"start":{"line":1,"column":12},"end":{"line":1,"column":35}},"1":{"start":{"line":2,"column":15},"end":{"line":2,"column":34}},"2":{"start":{"line":3,"column":17},"end":{"line":3,"column":37}},"3":{"start":{"line":7,"column":4},"end":{"line":8,"column":89}},"4":{"start":{"line":8,"column":6},"end":{"line":8,"column":89}},"5":{"start":{"line":9,"column":4},"end":{"line":10,"column":96}},"6":{"start":{"line":10,"column":6},"end":{"line":10,"column":96}},"7":{"start":{"line":12,"column":4},"end":{"line":23,"column":30}},"8":{"start":{"line":14,"column":8},"end":{"line":15,"column":93}},"9":{"start":{"line":15,"column":10},"end":{"line":15,"column":93}},"10":{"start":{"line":17,"column":8},"end":{"line":20,"column":9}},"11":{"start":{"line":18,"column":31},"end":{"line":18,"column":151}},"12":{"start":{"line":19,"column":10},"end":{"line":19,"column":56}},"13":{"start":{"line":21,"column":8},"end":{"line":21,"column":98}},"14":{"start":{"line":23,"column":20},"end":{"line":23,"column":29}},"15":{"start":{"line":27,"column":21},"end":{"line":32,"column":5}},"16":{"start":{"line":34,"column":4},"end":{"line":43,"column":30}},"17":{"start":{"line":36,"column":8},"end":{"line":37,"column":96}},"18":{"start":{"line":37,"column":10},"end":{"line":37,"column":96}},"19":{"start":{"line":38,"column":8},"end":{"line":38,"column":37}},"20":{"start":{"line":41,"column":8},"end":{"line":41,"column":168}},"21":{"start":{"line":43,"column":20},"end":{"line":43,"column":29}},"22":{"start":{"line":47,"column":0},"end":{"line":47,"column":32}}},"fnMap":{"0":{"name":"(anonymous_0)","decl":{"start":{"line":6,"column":2},"end":{"line":6,"column":3}},"loc":{"start":{"line":6,"column":31},"end":{"line":24,"column":3}},"line":6},"1":{"name":"(anonymous_1)","decl":{"start":{"line":13,"column":12},"end":{"line":13,"column":13}},"loc":{"start":{"line":13,"column":20},"end":{"line":22,"column":7}},"line":13},"2":{"name":"(anonymous_2)","decl":{"start":{"line":23,"column":13},"end":{"line":23,"column":14}},"loc":{"start":{"line":23,"column":20},"end":{"line":23,"column":29}},"line":23},"3":{"name":"(anonymous_3)","decl":{"start":{"line":26,"column":2},"end":{"line":26,"column":3}},"loc":{"start":{"line":26,"column":34},"end":{"line":44,"column":3}},"line":26},"4":{"name":"(anonymous_4)","decl":{"start":{"line":35,"column":12},"end":{"line":35,"column":13}},"loc":{"start":{"line":35,"column":20},"end":{"line":39,"column":7}},"line":35},"5":{"name":"(anonymous_5)","decl":{"start":{"line":40,"column":12},"end":{"line":40,"column":13}},"loc":{"start":{"line":40,"column":24},"end":{"line":42,"column":7}},"line":40},"6":{"name":"(anonymous_6)","decl":{"start":{"line":43,"column":13},"end":{"line":43,"column":14}},"loc":{"start":{"line":43,"column":20},"end":{"line":43,"column":29}},"line":43}},"branchMap":{"0":{"loc":{"start":{"line":7,"column":4},"end":{"line":8,"column":89}},"type":"if","locations":[{"start":{"line":7,"column":4},"end":{"line":8,"column":89}},{"start":{"line":7,"column":4},"end":{"line":8,"column":89}}],"line":7},"1":{"loc":{"start":{"line":9,"column":4},"end":{"line":10,"column":96}},"type":"if","locations":[{"start":{"line":9,"column":4},"end":{"line":10,"column":96}},{"start":{"line":9,"column":4},"end":{"line":10,"column":96}}],"line":9},"2":{"loc":{"start":{"line":14,"column":8},"end":{"line":15,"column":93}},"type":"if","locations":[{"start":{"line":14,"column":8},"end":{"line":15,"column":93}},{"start":{"line":14,"column":8},"end":{"line":15,"column":93}}],"line":14},"3":{"loc":{"start":{"line":17,"column":8},"end":{"line":20,"column":9}},"type":"if","locations":[{"start":{"line":17,"column":8},"end":{"line":20,"column":9}},{"start":{"line":17,"column":8},"end":{"line":20,"column":9}}],"line":17},"4":{"loc":{"start":{"line":30,"column":15},"end":{"line":30,"column":39}},"type":"binary-expr","locations":[{"start":{"line":30,"column":15},"end":{"line":30,"column":31}},{"start":{"line":30,"column":35},"end":{"line":30,"column":39}}],"line":30},"5":{"loc":{"start":{"line":31,"column":18},"end":{"line":31,"column":45}},"type":"binary-expr","locations":[{"start":{"line":31,"column":18},"end":{"line":31,"column":37}},{"start":{"line":31,"column":41},"end":{"line":31,"column":45}}],"line":31},"6":{"loc":{"start":{"line":36,"column":8},"end":{"line":37,"column":96}},"type":"if","locations":[{"start":{"line":36,"column":8},"end":{"line":37,"column":96}},{"start":{"line":36,"column":8},"end":{"line":37,"column":96}}],"line":36}},"s":{"0":2,"1":2,"2":2,"3":5,"4":1,"5":4,"6":1,"7":3,"8":3,"9":1,"10":2,"11":1,"12":1,"13":1,"14":0,"15":3,"16":3,"17":3,"18":1,"19":2,"20":2,"21":2,"22":2},"f":{"0":5,"1":3,"2":0,"3":3,"4":3,"5":2,"6":2},"b":{"0":[1,4],"1":[1,3],"2":[1,2],"3":[1,1],"4":[3,0],"5":[3,0],"6":[1,2]},"_coverageSchema":"1a1c01bbd47fc00a2c39e90264f33305004495a9","hash":"80d11fd51dc94642ebf0bd731a82d905ffc890c0"}
,"/home/bobkombat/Documents/projects/bajigur-cloth/server/middlewares/authentication.js": {"path":"/home/bobkombat/Documents/projects/bajigur-cloth/server/middlewares/authentication.js","statementMap":{"0":{"start":{"line":1,"column":12},"end":{"line":1,"column":35}},"1":{"start":{"line":2,"column":24},"end":{"line":2,"column":44}},"2":{"start":{"line":4,"column":0},"end":{"line":33,"column":1}},"3":{"start":{"line":5,"column":2},"end":{"line":6,"column":95}},"4":{"start":{"line":6,"column":4},"end":{"line":6,"column":95}},"5":{"start":{"line":8,"column":2},"end":{"line":32,"column":3}},"6":{"start":{"line":9,"column":25},"end":{"line":9,"column":85}},"7":{"start":{"line":11,"column":4},"end":{"line":29,"column":5}},"8":{"start":{"line":12,"column":6},"end":{"line":19,"column":32}},"9":{"start":{"line":14,"column":10},"end":{"line":15,"column":100}},"10":{"start":{"line":15,"column":12},"end":{"line":15,"column":100}},"11":{"start":{"line":16,"column":10},"end":{"line":16,"column":39}},"12":{"start":{"line":17,"column":10},"end":{"line":17,"column":16}},"13":{"start":{"line":19,"column":22},"end":{"line":19,"column":31}},"14":{"start":{"line":21,"column":6},"end":{"line":28,"column":32}},"15":{"start":{"line":23,"column":10},"end":{"line":24,"column":101}},"16":{"start":{"line":24,"column":12},"end":{"line":24,"column":101}},"17":{"start":{"line":25,"column":10},"end":{"line":25,"column":39}},"18":{"start":{"line":26,"column":10},"end":{"line":26,"column":17}},"19":{"start":{"line":28,"column":22},"end":{"line":28,"column":31}},"20":{"start":{"line":31,"column":4},"end":{"line":31,"column":14}}},"fnMap":{"0":{"name":"(anonymous_0)","decl":{"start":{"line":4,"column":17},"end":{"line":4,"column":18}},"loc":{"start":{"line":4,"column":37},"end":{"line":33,"column":1}},"line":4},"1":{"name":"(anonymous_1)","decl":{"start":{"line":13,"column":14},"end":{"line":13,"column":15}},"loc":{"start":{"line":13,"column":22},"end":{"line":18,"column":9}},"line":13},"2":{"name":"(anonymous_2)","decl":{"start":{"line":19,"column":15},"end":{"line":19,"column":16}},"loc":{"start":{"line":19,"column":22},"end":{"line":19,"column":31}},"line":19},"3":{"name":"(anonymous_3)","decl":{"start":{"line":22,"column":14},"end":{"line":22,"column":15}},"loc":{"start":{"line":22,"column":22},"end":{"line":27,"column":9}},"line":22},"4":{"name":"(anonymous_4)","decl":{"start":{"line":28,"column":15},"end":{"line":28,"column":16}},"loc":{"start":{"line":28,"column":22},"end":{"line":28,"column":31}},"line":28}},"branchMap":{"0":{"loc":{"start":{"line":5,"column":2},"end":{"line":6,"column":95}},"type":"if","locations":[{"start":{"line":5,"column":2},"end":{"line":6,"column":95}},{"start":{"line":5,"column":2},"end":{"line":6,"column":95}}],"line":5},"1":{"loc":{"start":{"line":11,"column":4},"end":{"line":29,"column":5}},"type":"if","locations":[{"start":{"line":11,"column":4},"end":{"line":29,"column":5}},{"start":{"line":11,"column":4},"end":{"line":29,"column":5}}],"line":11},"2":{"loc":{"start":{"line":14,"column":10},"end":{"line":15,"column":100}},"type":"if","locations":[{"start":{"line":14,"column":10},"end":{"line":15,"column":100}},{"start":{"line":14,"column":10},"end":{"line":15,"column":100}}],"line":14},"3":{"loc":{"start":{"line":23,"column":10},"end":{"line":24,"column":101}},"type":"if","locations":[{"start":{"line":23,"column":10},"end":{"line":24,"column":101}},{"start":{"line":23,"column":10},"end":{"line":24,"column":101}}],"line":23}},"s":{"0":2,"1":2,"2":2,"3":0,"4":0,"5":0,"6":0,"7":0,"8":0,"9":0,"10":0,"11":0,"12":0,"13":0,"14":0,"15":0,"16":0,"17":0,"18":0,"19":0,"20":0},"f":{"0":0,"1":0,"2":0,"3":0,"4":0},"b":{"0":[0,0],"1":[0,0],"2":[0,0],"3":[0,0]},"_coverageSchema":"1a1c01bbd47fc00a2c39e90264f33305004495a9","hash":"1585499921bd6fc8987f4a81555c178cbbc979ca"}
,"/home/bobkombat/Documents/projects/bajigur-cloth/server/middlewares/authorization.js": {"path":"/home/bobkombat/Documents/projects/bajigur-cloth/server/middlewares/authorization.js","statementMap":{"0":{"start":{"line":1,"column":0},"end":{"line":5,"column":1}},"1":{"start":{"line":2,"column":2},"end":{"line":3,"column":88}},"2":{"start":{"line":3,"column":4},"end":{"line":3,"column":88}},"3":{"start":{"line":4,"column":2},"end":{"line":4,"column":16}}},"fnMap":{"0":{"name":"(anonymous_0)","decl":{"start":{"line":1,"column":17},"end":{"line":1,"column":18}},"loc":{"start":{"line":1,"column":37},"end":{"line":5,"column":1}},"line":1}},"branchMap":{"0":{"loc":{"start":{"line":2,"column":2},"end":{"line":3,"column":88}},"type":"if","locations":[{"start":{"line":2,"column":2},"end":{"line":3,"column":88}},{"start":{"line":2,"column":2},"end":{"line":3,"column":88}}],"line":2}},"s":{"0":2,"1":0,"2":0,"3":0},"f":{"0":0},"b":{"0":[0,0]},"_coverageSchema":"1a1c01bbd47fc00a2c39e90264f33305004495a9","hash":"fe05c4ed5cac99ce3208404714cc4a3866018c8e"}
,"/home/bobkombat/Documents/projects/bajigur-cloth/server/middlewares/errorHandler.js": {"path":"/home/bobkombat/Documents/projects/bajigur-cloth/server/middlewares/errorHandler.js","statementMap":{"0":{"start":{"line":1,"column":0},"end":{"line":26,"column":1}},"1":{"start":{"line":2,"column":19},"end":{"line":2,"column":22}},"2":{"start":{"line":3,"column":21},"end":{"line":3,"column":44}},"3":{"start":{"line":4,"column":22},"end":{"line":4,"column":45}},"4":{"start":{"line":6,"column":2},"end":{"line":23,"column":3}},"5":{"start":{"line":8,"column":4},"end":{"line":8,"column":21}},"6":{"start":{"line":9,"column":4},"end":{"line":9,"column":50}},"7":{"start":{"line":9,"column":39},"end":{"line":9,"column":48}},"8":{"start":{"line":10,"column":4},"end":{"line":10,"column":39}},"9":{"start":{"line":12,"column":7},"end":{"line":23,"column":3}},"10":{"start":{"line":14,"column":4},"end":{"line":14,"column":21}},"11":{"start":{"line":15,"column":4},"end":{"line":15,"column":36}},"12":{"start":{"line":16,"column":4},"end":{"line":16,"column":38}},"13":{"start":{"line":18,"column":7},"end":{"line":23,"column":3}},"14":{"start":{"line":20,"column":4},"end":{"line":20,"column":21}},"15":{"start":{"line":21,"column":4},"end":{"line":21,"column":36}},"16":{"start":{"line":22,"column":4},"end":{"line":22,"column":61}},"17":{"start":{"line":25,"column":2},"end":{"line":25,"column":69}}},"fnMap":{"0":{"name":"(anonymous_0)","decl":{"start":{"line":1,"column":17},"end":{"line":1,"column":18}},"loc":{"start":{"line":1,"column":42},"end":{"line":26,"column":1}},"line":1},"1":{"name":"(anonymous_1)","decl":{"start":{"line":9,"column":34},"end":{"line":9,"column":35}},"loc":{"start":{"line":9,"column":39},"end":{"line":9,"column":48}},"line":9}},"branchMap":{"0":{"loc":{"start":{"line":6,"column":2},"end":{"line":23,"column":3}},"type":"if","locations":[{"start":{"line":6,"column":2},"end":{"line":23,"column":3}},{"start":{"line":6,"column":2},"end":{"line":23,"column":3}}],"line":6},"1":{"loc":{"start":{"line":12,"column":7},"end":{"line":23,"column":3}},"type":"if","locations":[{"start":{"line":12,"column":7},"end":{"line":23,"column":3}},{"start":{"line":12,"column":7},"end":{"line":23,"column":3}}],"line":12},"2":{"loc":{"start":{"line":18,"column":7},"end":{"line":23,"column":3}},"type":"if","locations":[{"start":{"line":18,"column":7},"end":{"line":23,"column":3}},{"start":{"line":18,"column":7},"end":{"line":23,"column":3}}],"line":18},"3":{"loc":{"start":{"line":18,"column":11},"end":{"line":18,"column":84}},"type":"binary-expr","locations":[{"start":{"line":18,"column":11},"end":{"line":18,"column":49}},{"start":{"line":18,"column":53},"end":{"line":18,"column":84}}],"line":18},"4":{"loc":{"start":{"line":22,"column":20},"end":{"line":22,"column":60}},"type":"binary-expr","locations":[{"start":{"line":22,"column":20},"end":{"line":22,"column":37}},{"start":{"line":22,"column":41},"end":{"line":22,"column":60}}],"line":22}},"s":{"0":2,"1":10,"2":10,"3":10,"4":10,"5":1,"6":1,"7":1,"8":1,"9":9,"10":4,"11":4,"12":4,"13":5,"14":5,"15":5,"16":5,"17":10},"f":{"0":10,"1":1},"b":{"0":[1,9],"1":[4,5],"2":[5,0],"3":[5,0],"4":[5,0]},"_coverageSchema":"1a1c01bbd47fc00a2c39e90264f33305004495a9","hash":"f5317db7200930777918414c71d1c53f29edba17"}
,"/home/bobkombat/Documents/projects/bajigur-cloth/server/models/admin.js": {"path":"/home/bobkombat/Documents/projects/bajigur-cloth/server/models/admin.js","statementMap":{"0":{"start":{"line":2,"column":23},"end":{"line":2,"column":38}},"1":{"start":{"line":3,"column":15},"end":{"line":3,"column":34}},"2":{"start":{"line":7,"column":4},"end":{"line":7,"column":24}},"3":{"start":{"line":8,"column":0},"end":{"line":55,"column":2}},"4":{"start":{"line":19,"column":2},"end":{"line":52,"column":5}},"5":{"start":{"line":54,"column":2},"end":{"line":54,"column":15}}},"fnMap":{"0":{"name":"(anonymous_0)","decl":{"start":{"line":8,"column":17},"end":{"line":8,"column":18}},"loc":{"start":{"line":8,"column":43},"end":{"line":55,"column":1}},"line":8},"1":{"name":"(anonymous_1)","decl":{"start":{"line":15,"column":4},"end":{"line":15,"column":5}},"loc":{"start":{"line":15,"column":29},"end":{"line":17,"column":5}},"line":15}},"branchMap":{},"s":{"0":2,"1":2,"2":2,"3":2,"4":2,"5":2},"f":{"0":2,"1":2},"b":{},"_coverageSchema":"1a1c01bbd47fc00a2c39e90264f33305004495a9","hash":"f209ff085d6a951ec49782fdddb5caebb4260b9f"}
,"/home/bobkombat/Documents/projects/bajigur-cloth/server/models/index.js": {"path":"/home/bobkombat/Documents/projects/bajigur-cloth/server/models/index.js","statementMap":{"0":{"start":{"line":3,"column":11},"end":{"line":3,"column":24}},"1":{"start":{"line":4,"column":13},"end":{"line":4,"column":28}},"2":{"start":{"line":5,"column":18},"end":{"line":5,"column":38}},"3":{"start":{"line":6,"column":17},"end":{"line":6,"column":42}},"4":{"start":{"line":7,"column":12},"end":{"line":7,"column":49}},"5":{"start":{"line":8,"column":15},"end":{"line":8,"column":65}},"6":{"start":{"line":9,"column":11},"end":{"line":9,"column":13}},"7":{"start":{"line":12,"column":0},"end":{"line":16,"column":1}},"8":{"start":{"line":13,"column":2},"end":{"line":13,"column":74}},"9":{"start":{"line":15,"column":2},"end":{"line":15,"column":87}},"10":{"start":{"line":18,"column":0},"end":{"line":26,"column":5}},"11":{"start":{"line":21,"column":4},"end":{"line":21,"column":90}},"12":{"start":{"line":24,"column":18},"end":{"line":24,"column":85}},"13":{"start":{"line":25,"column":4},"end":{"line":25,"column":27}},"14":{"start":{"line":28,"column":0},"end":{"line":32,"column":3}},"15":{"start":{"line":29,"column":2},"end":{"line":31,"column":3}},"16":{"start":{"line":30,"column":4},"end":{"line":30,"column":32}},"17":{"start":{"line":34,"column":0},"end":{"line":34,"column":25}},"18":{"start":{"line":35,"column":0},"end":{"line":35,"column":25}},"19":{"start":{"line":37,"column":0},"end":{"line":37,"column":20}}},"fnMap":{"0":{"name":"(anonymous_0)","decl":{"start":{"line":20,"column":10},"end":{"line":20,"column":11}},"loc":{"start":{"line":20,"column":18},"end":{"line":22,"column":3}},"line":20},"1":{"name":"(anonymous_1)","decl":{"start":{"line":23,"column":11},"end":{"line":23,"column":12}},"loc":{"start":{"line":23,"column":19},"end":{"line":26,"column":3}},"line":23},"2":{"name":"(anonymous_2)","decl":{"start":{"line":28,"column":24},"end":{"line":28,"column":25}},"loc":{"start":{"line":28,"column":37},"end":{"line":32,"column":1}},"line":28}},"branchMap":{"0":{"loc":{"start":{"line":7,"column":12},"end":{"line":7,"column":49}},"type":"binary-expr","locations":[{"start":{"line":7,"column":12},"end":{"line":7,"column":32}},{"start":{"line":7,"column":36},"end":{"line":7,"column":49}}],"line":7},"1":{"loc":{"start":{"line":12,"column":0},"end":{"line":16,"column":1}},"type":"if","locations":[{"start":{"line":12,"column":0},"end":{"line":16,"column":1}},{"start":{"line":12,"column":0},"end":{"line":16,"column":1}}],"line":12},"2":{"loc":{"start":{"line":21,"column":11},"end":{"line":21,"column":89}},"type":"binary-expr","locations":[{"start":{"line":21,"column":12},"end":{"line":21,"column":35}},{"start":{"line":21,"column":41},"end":{"line":21,"column":58}},{"start":{"line":21,"column":64},"end":{"line":21,"column":88}}],"line":21},"3":{"loc":{"start":{"line":29,"column":2},"end":{"line":31,"column":3}},"type":"if","locations":[{"start":{"line":29,"column":2},"end":{"line":31,"column":3}},{"start":{"line":29,"column":2},"end":{"line":31,"column":3}}],"line":29}},"s":{"0":2,"1":2,"2":2,"3":2,"4":2,"5":2,"6":2,"7":2,"8":0,"9":2,"10":2,"11":8,"12":6,"13":6,"14":2,"15":6,"16":6,"17":2,"18":2,"19":2},"f":{"0":8,"1":6,"2":6},"b":{"0":[2,0],"1":[0,2],"2":[8,8,6],"3":[6,0]},"_coverageSchema":"1a1c01bbd47fc00a2c39e90264f33305004495a9","hash":"b69908a5e3553a4b5aa12274761cedf018e3a4df"}
,"/home/bobkombat/Documents/projects/bajigur-cloth/server/models/product.js": {"path":"/home/bobkombat/Documents/projects/bajigur-cloth/server/models/product.js","statementMap":{"0":{"start":{"line":3,"column":23},"end":{"line":3,"column":38}},"1":{"start":{"line":7,"column":4},"end":{"line":7,"column":24}},"2":{"start":{"line":8,"column":0},"end":{"line":104,"column":2}},"3":{"start":{"line":19,"column":2},"end":{"line":97,"column":5}},"4":{"start":{"line":65,"column":10},"end":{"line":66,"column":59}},"5":{"start":{"line":66,"column":12},"end":{"line":66,"column":59}},"6":{"start":{"line":87,"column":10},"end":{"line":88,"column":59}},"7":{"start":{"line":88,"column":12},"end":{"line":88,"column":59}},"8":{"start":{"line":99,"column":2},"end":{"line":101,"column":4}},"9":{"start":{"line":100,"column":4},"end":{"line":100,"column":26}},"10":{"start":{"line":103,"column":2},"end":{"line":103,"column":17}}},"fnMap":{"0":{"name":"(anonymous_0)","decl":{"start":{"line":8,"column":17},"end":{"line":8,"column":18}},"loc":{"start":{"line":8,"column":43},"end":{"line":104,"column":1}},"line":8},"1":{"name":"(anonymous_1)","decl":{"start":{"line":15,"column":4},"end":{"line":15,"column":5}},"loc":{"start":{"line":15,"column":29},"end":{"line":17,"column":5}},"line":15},"2":{"name":"(anonymous_2)","decl":{"start":{"line":64,"column":8},"end":{"line":64,"column":9}},"loc":{"start":{"line":64,"column":22},"end":{"line":67,"column":9}},"line":64},"3":{"name":"(anonymous_3)","decl":{"start":{"line":86,"column":8},"end":{"line":86,"column":9}},"loc":{"start":{"line":86,"column":22},"end":{"line":89,"column":9}},"line":86},"4":{"name":"(anonymous_4)","decl":{"start":{"line":99,"column":34},"end":{"line":99,"column":35}},"loc":{"start":{"line":99,"column":55},"end":{"line":101,"column":3}},"line":99}},"branchMap":{"0":{"loc":{"start":{"line":65,"column":10},"end":{"line":66,"column":59}},"type":"if","locations":[{"start":{"line":65,"column":10},"end":{"line":66,"column":59}},{"start":{"line":65,"column":10},"end":{"line":66,"column":59}}],"line":65},"1":{"loc":{"start":{"line":87,"column":10},"end":{"line":88,"column":59}},"type":"if","locations":[{"start":{"line":87,"column":10},"end":{"line":88,"column":59}},{"start":{"line":87,"column":10},"end":{"line":88,"column":59}}],"line":87}},"s":{"0":2,"1":2,"2":2,"3":2,"4":0,"5":0,"6":0,"7":0,"8":2,"9":0,"10":2},"f":{"0":2,"1":2,"2":0,"3":0,"4":0},"b":{"0":[0,0],"1":[0,0]},"_coverageSchema":"1a1c01bbd47fc00a2c39e90264f33305004495a9","hash":"2e6bf440df6bd9e720656db7a492b186c65f625d"}
,"/home/bobkombat/Documents/projects/bajigur-cloth/server/models/user.js": {"path":"/home/bobkombat/Documents/projects/bajigur-cloth/server/models/user.js","statementMap":{"0":{"start":{"line":2,"column":23},"end":{"line":2,"column":38}},"1":{"start":{"line":3,"column":15},"end":{"line":3,"column":34}},"2":{"start":{"line":7,"column":4},"end":{"line":7,"column":24}},"3":{"start":{"line":8,"column":0},"end":{"line":66,"column":2}},"4":{"start":{"line":19,"column":2},"end":{"line":54,"column":5}},"5":{"start":{"line":56,"column":2},"end":{"line":63,"column":4}},"6":{"start":{"line":57,"column":4},"end":{"line":57,"column":34}},"7":{"start":{"line":58,"column":17},"end":{"line":58,"column":39}},"8":{"start":{"line":59,"column":17},"end":{"line":59,"column":53}},"9":{"start":{"line":61,"column":4},"end":{"line":61,"column":25}},"10":{"start":{"line":62,"column":4},"end":{"line":62,"column":23}},"11":{"start":{"line":65,"column":2},"end":{"line":65,"column":14}}},"fnMap":{"0":{"name":"(anonymous_0)","decl":{"start":{"line":8,"column":17},"end":{"line":8,"column":18}},"loc":{"start":{"line":8,"column":43},"end":{"line":66,"column":1}},"line":8},"1":{"name":"(anonymous_1)","decl":{"start":{"line":15,"column":4},"end":{"line":15,"column":5}},"loc":{"start":{"line":15,"column":29},"end":{"line":17,"column":5}},"line":15},"2":{"name":"(anonymous_2)","decl":{"start":{"line":56,"column":31},"end":{"line":56,"column":32}},"loc":{"start":{"line":56,"column":49},"end":{"line":63,"column":3}},"line":56}},"branchMap":{},"s":{"0":2,"1":2,"2":2,"3":2,"4":2,"5":2,"6":1,"7":1,"8":1,"9":1,"10":1,"11":2},"f":{"0":2,"1":2,"2":1},"b":{},"_coverageSchema":"1a1c01bbd47fc00a2c39e90264f33305004495a9","hash":"cb67d488f00fefe99ace43fea8f9bc692edfb88f"}
,"/home/bobkombat/Documents/projects/bajigur-cloth/server/router/admin.js": {"path":"/home/bobkombat/Documents/projects/bajigur-cloth/server/router/admin.js","statementMap":{"0":{"start":{"line":1,"column":15},"end":{"line":1,"column":42}},"1":{"start":{"line":2,"column":28},"end":{"line":2,"column":76}},"2":{"start":{"line":5,"column":23},"end":{"line":5,"column":66}},"3":{"start":{"line":6,"column":22},"end":{"line":6,"column":64}},"4":{"start":{"line":8,"column":0},"end":{"line":8,"column":49}},"5":{"start":{"line":10,"column":0},"end":{"line":10,"column":42}},"6":{"start":{"line":17,"column":0},"end":{"line":17,"column":24}}},"fnMap":{},"branchMap":{},"s":{"0":2,"1":2,"2":2,"3":2,"4":2,"5":2,"6":2},"f":{},"b":{},"_coverageSchema":"1a1c01bbd47fc00a2c39e90264f33305004495a9","hash":"87ee27e581413f4e87a79f744b16346a2178b648"}
,"/home/bobkombat/Documents/projects/bajigur-cloth/server/router/index.js": {"path":"/home/bobkombat/Documents/projects/bajigur-cloth/server/router/index.js","statementMap":{"0":{"start":{"line":1,"column":15},"end":{"line":1,"column":42}},"1":{"start":{"line":2,"column":14},"end":{"line":2,"column":35}},"2":{"start":{"line":3,"column":13},"end":{"line":3,"column":33}},"3":{"start":{"line":4,"column":16},"end":{"line":4,"column":39}},"4":{"start":{"line":6,"column":0},"end":{"line":6,"column":28}},"5":{"start":{"line":7,"column":0},"end":{"line":7,"column":26}},"6":{"start":{"line":8,"column":0},"end":{"line":8,"column":32}},"7":{"start":{"line":10,"column":0},"end":{"line":10,"column":24}}},"fnMap":{},"branchMap":{},"s":{"0":2,"1":2,"2":2,"3":2,"4":2,"5":2,"6":2,"7":2},"f":{},"b":{},"_coverageSchema":"1a1c01bbd47fc00a2c39e90264f33305004495a9","hash":"7ba648f0afd349a6f40f1c0aa55f132c6d9e5152"}
,"/home/bobkombat/Documents/projects/bajigur-cloth/server/router/product.js": {"path":"/home/bobkombat/Documents/projects/bajigur-cloth/server/router/product.js","statementMap":{"0":{"start":{"line":1,"column":15},"end":{"line":1,"column":42}},"1":{"start":{"line":2,"column":26},"end":{"line":2,"column":72}},"2":{"start":{"line":3,"column":23},"end":{"line":3,"column":66}},"3":{"start":{"line":4,"column":22},"end":{"line":4,"column":64}},"4":{"start":{"line":6,"column":0},"end":{"line":6,"column":43}},"5":{"start":{"line":7,"column":0},"end":{"line":7,"column":46}},"6":{"start":{"line":9,"column":0},"end":{"line":9,"column":42}},"7":{"start":{"line":11,"column":0},"end":{"line":11,"column":43}},"8":{"start":{"line":12,"column":0},"end":{"line":12,"column":45}},"9":{"start":{"line":13,"column":0},"end":{"line":13,"column":49}},"10":{"start":{"line":15,"column":0},"end":{"line":15,"column":24}}},"fnMap":{},"branchMap":{},"s":{"0":2,"1":2,"2":2,"3":2,"4":2,"5":2,"6":2,"7":2,"8":2,"9":2,"10":2},"f":{},"b":{},"_coverageSchema":"1a1c01bbd47fc00a2c39e90264f33305004495a9","hash":"27246903a5c4dd06b5286a60a3fd6940a36840fa"}
,"/home/bobkombat/Documents/projects/bajigur-cloth/server/router/user.js": {"path":"/home/bobkombat/Documents/projects/bajigur-cloth/server/router/user.js","statementMap":{"0":{"start":{"line":1,"column":15},"end":{"line":1,"column":42}},"1":{"start":{"line":2,"column":23},"end":{"line":2,"column":66}},"2":{"start":{"line":5,"column":0},"end":{"line":5,"column":44}},"3":{"start":{"line":6,"column":0},"end":{"line":6,"column":50}},"4":{"start":{"line":8,"column":0},"end":{"line":8,"column":24}}},"fnMap":{},"branchMap":{},"s":{"0":2,"1":2,"2":2,"3":2,"4":2},"f":{},"b":{},"_coverageSchema":"1a1c01bbd47fc00a2c39e90264f33305004495a9","hash":"4f44880cbc66d94f00192cec4a616bc1f506d015"}
}
