TN:
SF:app.js
FN:21,(anonymous_0)
FNF:1
FNH:0
FNDA:0,(anonymous_0)
DA:1,2
DA:2,2
DA:4,2
DA:5,2
DA:6,2
DA:7,2
DA:8,2
DA:10,2
DA:12,2
DA:13,2
DA:14,2
DA:16,2
DA:18,2
DA:20,2
DA:21,0
DA:23,2
LF:16
LH:15
BRDA:1,0,0,2
BRDA:1,0,1,0
BRDA:8,1,0,2
BRDA:8,1,1,2
BRDA:20,2,0,0
BRDA:20,2,1,2
BRF:6
BRH:4
end_of_record
TN:
SF:controllers/adminUserController.js
FN:6,(anonymous_0)
FN:15,(anonymous_1)
FN:25,(anonymous_2)
FNF:3
FNH:2
FNDA:5,(anonymous_0)
FNDA:3,(anonymous_1)
FNDA:0,(anonymous_2)
DA:1,2
DA:2,2
DA:3,2
DA:7,5
DA:9,5
DA:10,1
DA:11,4
DA:12,1
DA:14,3
DA:16,3
DA:17,1
DA:19,2
DA:20,1
DA:21,1
DA:23,1
DA:26,0
DA:31,2
LF:17
LH:16
BRDA:9,0,0,1
BRDA:9,0,1,4
BRDA:11,1,0,1
BRDA:11,1,1,3
BRDA:16,2,0,1
BRDA:16,2,1,2
BRDA:19,3,0,1
BRDA:19,3,1,1
BRF:8
BRH:8
end_of_record
TN:
SF:controllers/userController.js
FN:6,(anonymous_0)
FN:13,(anonymous_1)
FN:23,(anonymous_2)
FN:26,(anonymous_3)
FN:35,(anonymous_4)
FN:40,(anonymous_5)
FN:43,(anonymous_6)
FNF:7
FNH:6
FNDA:5,(anonymous_0)
FNDA:3,(anonymous_1)
FNDA:0,(anonymous_2)
FNDA:3,(anonymous_3)
FNDA:3,(anonymous_4)
FNDA:2,(anonymous_5)
FNDA:2,(anonymous_6)
DA:1,2
DA:2,2
DA:3,2
DA:7,5
DA:8,1
DA:9,4
DA:10,1
DA:12,3
DA:14,3
DA:15,1
DA:17,2
DA:18,1
DA:19,1
DA:21,1
DA:23,0
DA:27,3
DA:34,3
DA:36,3
DA:37,1
DA:38,2
DA:41,2
DA:43,2
DA:47,2
LF:23
LH:22
BRDA:7,0,0,1
BRDA:7,0,1,4
BRDA:9,1,0,1
BRDA:9,1,1,3
BRDA:14,2,0,1
BRDA:14,2,1,2
BRDA:17,3,0,1
BRDA:17,3,1,1
BRDA:30,4,0,3
BRDA:30,4,1,0
BRDA:31,5,0,3
BRDA:31,5,1,0
BRDA:36,6,0,1
BRDA:36,6,1,2
BRF:14
BRH:12
end_of_record
TN:
SF:middlewares/errorHandler.js
FN:1,(anonymous_0)
FN:9,(anonymous_1)
FNF:2
FNH:2
FNDA:10,(anonymous_0)
FNDA:1,(anonymous_1)
DA:1,2
DA:2,10
DA:3,10
DA:4,10
DA:6,10
DA:8,1
DA:9,1
DA:10,1
DA:12,9
DA:14,4
DA:15,4
DA:16,4
DA:18,5
DA:20,5
DA:21,5
DA:22,5
DA:25,10
LF:17
LH:17
BRDA:6,0,0,1
BRDA:6,0,1,9
BRDA:12,1,0,4
BRDA:12,1,1,5
BRDA:18,2,0,5
BRDA:18,2,1,0
BRDA:18,3,0,5
BRDA:18,3,1,0
BRDA:22,4,0,5
BRDA:22,4,1,0
BRF:10
BRH:7
end_of_record
TN:
SF:models/admin.js
FN:8,(anonymous_0)
FN:15,(anonymous_1)
FNF:2
FNH:2
FNDA:2,(anonymous_0)
FNDA:2,(anonymous_1)
DA:2,2
DA:3,2
DA:7,2
DA:8,2
DA:19,2
DA:54,2
LF:6
LH:6
BRF:0
BRH:0
end_of_record
TN:
SF:models/index.js
FN:20,(anonymous_0)
FN:23,(anonymous_1)
FN:28,(anonymous_2)
FNF:3
FNH:3
FNDA:6,(anonymous_0)
FNDA:4,(anonymous_1)
FNDA:4,(anonymous_2)
DA:3,2
DA:4,2
DA:5,2
DA:6,2
DA:7,2
DA:8,2
DA:9,2
DA:12,2
DA:13,0
DA:15,2
DA:18,2
DA:21,6
DA:24,4
DA:25,4
DA:28,2
DA:29,4
DA:30,4
DA:34,2
DA:35,2
DA:37,2
LF:20
LH:19
BRDA:7,0,0,2
BRDA:7,0,1,0
BRDA:12,1,0,0
BRDA:12,1,1,2
BRDA:21,2,0,6
BRDA:21,2,1,6
BRDA:21,2,2,4
BRDA:29,3,0,4
BRDA:29,3,1,0
BRF:9
BRH:6
end_of_record
TN:
SF:models/user.js
FN:8,(anonymous_0)
FN:15,(anonymous_1)
FN:56,(anonymous_2)
FNF:3
FNH:3
FNDA:2,(anonymous_0)
FNDA:2,(anonymous_1)
FNDA:1,(anonymous_2)
DA:2,2
DA:3,2
DA:7,2
DA:8,2
DA:19,2
DA:56,2
DA:57,1
DA:58,1
DA:59,1
DA:61,1
DA:62,1
DA:65,2
LF:12
LH:12
BRF:0
BRH:0
end_of_record
TN:
SF:router/admin.js
FNF:0
FNH:0
DA:1,2
DA:2,2
DA:9,2
DA:18,2
LF:4
LH:4
BRF:0
BRH:0
end_of_record
TN:
SF:router/index.js
FNF:0
FNH:0
DA:1,2
DA:2,2
DA:3,2
DA:5,2
DA:6,2
DA:8,2
LF:6
LH:6
BRF:0
BRH:0
end_of_record
TN:
SF:router/user.js
FNF:0
FNH:0
DA:1,2
DA:2,2
DA:5,2
DA:6,2
DA:8,2
LF:5
LH:5
BRF:0
BRH:0
end_of_record
