TN:
SF:app.js
FN:21,(anonymous_0)
FNF:1
FNH:0
FNDA:0,(anonymous_0)
DA:1,3
DA:2,3
DA:4,3
DA:5,3
DA:6,3
DA:7,3
DA:8,3
DA:10,3
DA:12,3
DA:13,3
DA:14,3
DA:16,3
DA:18,3
DA:20,3
DA:21,0
DA:23,3
LF:16
LH:15
BRDA:1,0,0,3
BRDA:1,0,1,0
BRDA:8,1,0,3
BRDA:8,1,1,3
BRDA:20,2,0,0
BRDA:20,2,1,3
BRF:6
BRH:4
end_of_record
TN:
SF:controllers/adminUserController.js
FN:6,(anonymous_0)
FN:15,(anonymous_1)
FN:25,(anonymous_2)
FNF:3
FNH:2
FNDA:6,(anonymous_0)
FNDA:4,(anonymous_1)
FNDA:0,(anonymous_2)
DA:1,3
DA:2,3
DA:3,3
DA:7,6
DA:9,6
DA:10,1
DA:11,5
DA:12,1
DA:14,4
DA:16,4
DA:17,1
DA:19,3
DA:20,2
DA:21,2
DA:23,1
DA:26,0
DA:31,3
LF:17
LH:16
BRDA:9,0,0,1
BRDA:9,0,1,5
BRDA:11,1,0,1
BRDA:11,1,1,4
BRDA:16,2,0,1
BRDA:16,2,1,3
BRDA:19,3,0,2
BRDA:19,3,1,1
BRF:8
BRH:8
end_of_record
TN:
SF:controllers/productController.js
FN:4,(anonymous_0)
FN:6,(anonymous_1)
FN:9,(anonymous_2)
FN:12,(anonymous_3)
FN:14,(anonymous_4)
FN:19,(anonymous_5)
FN:22,(anonymous_6)
FN:33,(anonymous_7)
FN:36,(anonymous_8)
FN:39,(anonymous_9)
FN:50,(anonymous_10)
FN:55,(anonymous_11)
FN:58,(anonymous_12)
FN:62,(anonymous_13)
FN:66,(anonymous_14)
FN:71,(anonymous_15)
FNF:16
FNH:15
FNDA:1,(anonymous_0)
FNDA:1,(anonymous_1)
FNDA:0,(anonymous_2)
FNDA:3,(anonymous_3)
FNDA:2,(anonymous_4)
FNDA:1,(anonymous_5)
FNDA:4,(anonymous_6)
FNDA:1,(anonymous_7)
FNDA:3,(anonymous_8)
FNDA:3,(anonymous_9)
FNDA:2,(anonymous_10)
FNDA:1,(anonymous_11)
FNDA:3,(anonymous_12)
FNDA:2,(anonymous_13)
FNDA:2,(anonymous_14)
FNDA:1,(anonymous_15)
DA:1,3
DA:5,1
DA:7,1
DA:9,0
DA:13,3
DA:15,2
DA:16,1
DA:17,1
DA:19,1
DA:23,4
DA:32,4
DA:34,1
DA:36,3
DA:40,3
DA:49,3
DA:51,2
DA:52,1
DA:53,1
DA:55,1
DA:61,3
DA:63,2
DA:64,2
DA:67,2
DA:68,1
DA:69,1
DA:71,1
DA:75,3
LF:27
LH:26
BRDA:15,0,0,1
BRDA:15,0,1,1
BRDA:28,1,0,4
BRDA:28,1,1,4
BRDA:29,2,0,4
BRDA:29,2,1,4
BRDA:51,3,0,1
BRDA:51,3,1,1
BRDA:67,4,0,1
BRDA:67,4,1,1
BRF:10
BRH:10
end_of_record
TN:
SF:controllers/userController.js
FN:6,(anonymous_0)
FN:13,(anonymous_1)
FN:23,(anonymous_2)
FN:26,(anonymous_3)
FN:35,(anonymous_4)
FN:40,(anonymous_5)
FN:43,(anonymous_6)
FNF:7
FNH:6
FNDA:5,(anonymous_0)
FNDA:3,(anonymous_1)
FNDA:0,(anonymous_2)
FNDA:3,(anonymous_3)
FNDA:3,(anonymous_4)
FNDA:2,(anonymous_5)
FNDA:2,(anonymous_6)
DA:1,3
DA:2,3
DA:3,3
DA:7,5
DA:8,1
DA:9,4
DA:10,1
DA:12,3
DA:14,3
DA:15,1
DA:17,2
DA:18,1
DA:19,1
DA:21,1
DA:23,0
DA:27,3
DA:34,3
DA:36,3
DA:37,1
DA:38,2
DA:41,2
DA:43,2
DA:47,3
LF:23
LH:22
BRDA:7,0,0,1
BRDA:7,0,1,4
BRDA:9,1,0,1
BRDA:9,1,1,3
BRDA:14,2,0,1
BRDA:14,2,1,2
BRDA:17,3,0,1
BRDA:17,3,1,1
BRDA:30,4,0,3
BRDA:30,4,1,0
BRDA:31,5,0,3
BRDA:31,5,1,0
BRDA:36,6,0,1
BRDA:36,6,1,2
BRF:14
BRH:12
end_of_record
TN:
SF:middlewares/authentication.js
FN:4,(anonymous_0)
FN:13,(anonymous_1)
FN:19,(anonymous_2)
FN:22,(anonymous_3)
FN:28,(anonymous_4)
FNF:5
FNH:3
FNDA:14,(anonymous_0)
FNDA:11,(anonymous_1)
FNDA:1,(anonymous_2)
FNDA:0,(anonymous_3)
FNDA:0,(anonymous_4)
DA:1,3
DA:2,3
DA:4,3
DA:5,14
DA:6,1
DA:8,13
DA:9,13
DA:11,12
DA:12,12
DA:14,11
DA:15,1
DA:16,10
DA:17,10
DA:19,1
DA:21,0
DA:23,0
DA:24,0
DA:25,0
DA:26,0
DA:28,0
DA:31,1
LF:21
LH:15
BRDA:5,0,0,1
BRDA:5,0,1,13
BRDA:11,1,0,12
BRDA:11,1,1,0
BRDA:14,2,0,1
BRDA:14,2,1,10
BRDA:14,3,0,11
BRDA:14,3,1,10
BRDA:23,4,0,0
BRDA:23,4,1,0
BRF:10
BRH:7
end_of_record
TN:
SF:middlewares/authorization.js
FN:1,(anonymous_0)
FNF:1
FNH:1
FNDA:10,(anonymous_0)
DA:1,3
DA:2,10
DA:3,0
DA:4,10
LF:4
LH:3
BRDA:2,0,0,0
BRDA:2,0,1,10
BRF:2
BRH:1
end_of_record
TN:
SF:middlewares/errorHandler.js
FN:1,(anonymous_0)
FN:9,(anonymous_1)
FNF:2
FNH:2
FNDA:23,(anonymous_0)
FNDA:7,(anonymous_1)
DA:1,3
DA:2,23
DA:3,23
DA:4,23
DA:6,23
DA:8,4
DA:9,7
DA:10,4
DA:12,19
DA:14,7
DA:15,7
DA:16,7
DA:18,12
DA:20,8
DA:21,8
DA:22,8
DA:25,23
LF:17
LH:17
BRDA:6,0,0,4
BRDA:6,0,1,19
BRDA:12,1,0,7
BRDA:12,1,1,12
BRDA:18,2,0,8
BRDA:18,2,1,4
BRDA:18,3,0,12
BRDA:18,3,1,6
BRDA:18,3,2,5
BRDA:22,4,0,8
BRDA:22,4,1,1
BRF:11
BRH:11
end_of_record
TN:
SF:models/admin.js
FN:8,(anonymous_0)
FN:15,(anonymous_1)
FNF:2
FNH:2
FNDA:3,(anonymous_0)
FNDA:3,(anonymous_1)
DA:2,3
DA:3,3
DA:7,3
DA:8,3
DA:19,3
DA:54,3
LF:6
LH:6
BRF:0
BRH:0
end_of_record
TN:
SF:models/index.js
FN:20,(anonymous_0)
FN:23,(anonymous_1)
FN:28,(anonymous_2)
FNF:3
FNH:3
FNDA:12,(anonymous_0)
FNDA:9,(anonymous_1)
FNDA:9,(anonymous_2)
DA:3,3
DA:4,3
DA:5,3
DA:6,3
DA:7,3
DA:8,3
DA:9,3
DA:12,3
DA:13,0
DA:15,3
DA:18,3
DA:21,12
DA:24,9
DA:25,9
DA:28,3
DA:29,9
DA:30,9
DA:34,3
DA:35,3
DA:37,3
LF:20
LH:19
BRDA:7,0,0,3
BRDA:7,0,1,0
BRDA:12,1,0,0
BRDA:12,1,1,3
BRDA:21,2,0,12
BRDA:21,2,1,12
BRDA:21,2,2,9
BRDA:29,3,0,9
BRDA:29,3,1,0
BRF:9
BRH:6
end_of_record
TN:
SF:models/product.js
FN:8,(anonymous_0)
FN:15,(anonymous_1)
FN:64,(anonymous_2)
FN:86,(anonymous_3)
FN:99,(anonymous_4)
FNF:5
FNH:5
FNDA:3,(anonymous_0)
FNDA:3,(anonymous_1)
FNDA:7,(anonymous_2)
FNDA:7,(anonymous_3)
FNDA:1,(anonymous_4)
DA:3,3
DA:7,3
DA:8,3
DA:19,3
DA:65,7
DA:66,1
DA:87,7
DA:88,1
DA:99,3
DA:100,1
DA:103,3
LF:11
LH:11
BRDA:65,0,0,1
BRDA:65,0,1,6
BRDA:87,1,0,1
BRDA:87,1,1,6
BRF:4
BRH:4
end_of_record
TN:
SF:models/user.js
FN:8,(anonymous_0)
FN:15,(anonymous_1)
FN:64,(anonymous_2)
FNF:3
FNH:3
FNDA:3,(anonymous_0)
FNDA:3,(anonymous_1)
FNDA:1,(anonymous_2)
DA:2,3
DA:3,3
DA:7,3
DA:8,3
DA:19,3
DA:64,3
DA:65,1
DA:66,1
DA:67,1
DA:69,1
DA:70,1
DA:73,3
LF:12
LH:12
BRF:0
BRH:0
end_of_record
TN:
SF:router/admin.js
FNF:0
FNH:0
DA:1,3
DA:2,3
DA:5,3
DA:6,3
DA:8,3
DA:10,3
DA:17,3
LF:7
LH:7
BRF:0
BRH:0
end_of_record
TN:
SF:router/index.js
FNF:0
FNH:0
DA:1,3
DA:2,3
DA:3,3
DA:4,3
DA:6,3
DA:7,3
DA:8,3
DA:10,3
LF:8
LH:8
BRF:0
BRH:0
end_of_record
TN:
SF:router/product.js
FNF:0
FNH:0
DA:1,3
DA:2,3
DA:3,3
DA:4,3
DA:6,3
DA:7,3
DA:9,3
DA:11,3
DA:12,3
DA:13,3
DA:15,3
LF:11
LH:11
BRF:0
BRH:0
end_of_record
TN:
SF:router/user.js
FNF:0
FNH:0
DA:1,3
DA:2,3
DA:3,3
DA:5,3
DA:6,3
DA:8,3
LF:6
LH:6
BRF:0
BRH:0
end_of_record
